# JRE version: OpenJDK Runtime Environment (8.0_342-b07) (build 1.8.0_342-b07)
# Java VM: OpenJDK 64-Bit Server VM (25.342-b07 mixed mode windows-amd64 compressed oops)
Heap:
 PSYoungGen      total 162816K, used 6829K [0x0000000758d00000, 0x0000000763880000, 0x00000007c0000000)
  eden space 150016K, 4% used [0x0000000758d00000,0x00000007593ab7f0,0x0000000761f80000)
  from space 12800K, 0% used [0x0000000762c00000,0x0000000762c00000,0x0000000763880000)
  to   space 12800K, 0% used [0x0000000761f80000,0x0000000761f80000,0x0000000762c00000)
 ParOldGen       total 118784K, used 37688K [0x000000068a600000, 0x0000000691a00000, 0x0000000758d00000)
  object space 118784K, 31% used [0x000000068a600000,0x000000068cace398,0x0000000691a00000)
 Metaspace       used 27099K, capacity 28398K, committed 28672K, reserved 1075200K
  class space    used 3493K, capacity 3774K, committed 3840K, reserved 1048576K
GC Heap History (10 events):
Event: 3.065 GC heap before
{Heap before GC invocations=3 (full 1):
 PSYoungGen      total 92672K, used 12139K [0x0000000758d00000, 0x0000000764200000, 0x00000007c0000000)
  eden space 79872K, 0% used [0x0000000758d00000,0x0000000758d00000,0x000000075db00000)
  from space 12800K, 94% used [0x000000075e780000,0x000000075f35af30,0x000000075f400000)
  to   space 12800K, 0% used [0x000000075db00000,0x000000075db00000,0x000000075e780000)
 ParOldGen       total 211968K, used 9578K [0x000000068a600000, 0x0000000697500000, 0x0000000758d00000)
  object space 211968K, 4% used [0x000000068a600000,0x000000068af5a8c8,0x0000000697500000)
 Metaspace       used 20871K, capacity 21546K, committed 21628K, reserved 1069056K
  class space    used 2642K, capacity 2808K, committed 2816K, reserved 1048576K
Event: 3.098 GC heap after
Heap after GC invocations=3 (full 1):
 PSYoungGen      total 92672K, used 0K [0x0000000758d00000, 0x0000000764200000, 0x00000007c0000000)
  eden space 79872K, 0% used [0x0000000758d00000,0x0000000758d00000,0x000000075db00000)
  from space 12800K, 0% used [0x000000075e780000,0x000000075e780000,0x000000075f400000)
  to   space 12800K, 0% used [0x000000075db00000,0x000000075db00000,0x000000075e780000)
 ParOldGen       total 118784K, used 16599K [0x000000068a600000, 0x0000000691a00000, 0x0000000758d00000)
  object space 118784K, 13% used [0x000000068a600000,0x000000068b635e90,0x0000000691a00000)
 Metaspace       used 20871K, capacity 21546K, committed 21628K, reserved 1069056K
  class space    used 2642K, capacity 2808K, committed 2816K, reserved 1048576K
}
Event: 5.101 GC heap before
{Heap before GC invocations=4 (full 1):
 PSYoungGen      total 92672K, used 59999K [0x0000000758d00000, 0x0000000764200000, 0x00000007c0000000)
  eden space 79872K, 75% used [0x0000000758d00000,0x000000075c797d18,0x000000075db00000)
  from space 12800K, 0% used [0x000000075e780000,0x000000075e780000,0x000000075f400000)
  to   space 12800K, 0% used [0x000000075db00000,0x000000075db00000,0x000000075e780000)
 ParOldGen       total 118784K, used 16599K [0x000000068a600000, 0x0000000691a00000, 0x0000000758d00000)
  object space 118784K, 13% used [0x000000068a600000,0x000000068b635e90,0x0000000691a00000)
 Metaspace       used 26433K, capacity 27678K, committed 27904K, reserved 1073152K
  class space    used 3460K, capacity 3758K, committed 3840K, reserved 1048576K
Event: 5.109 GC heap after
Heap after GC invocations=4 (full 1):
 PSYoungGen      total 92672K, used 12779K [0x0000000758d00000, 0x0000000763880000, 0x00000007c0000000)
  eden space 79872K, 0% used [0x0000000758d00000,0x0000000758d00000,0x000000075db00000)
  from space 12800K, 99% used [0x000000075db00000,0x000000075e77ac40,0x000000075e780000)
  to   space 12800K, 0% used [0x0000000762c00000,0x0000000762c00000,0x0000000763880000)
 ParOldGen       total 118784K, used 26645K [0x000000068a600000, 0x0000000691a00000, 0x0000000758d00000)
  object space 118784K, 22% used [0x000000068a600000,0x000000068c005590,0x0000000691a00000)
 Metaspace       used 26433K, capacity 27678K, committed 27904K, reserved 1073152K
  class space    used 3460K, capacity 3758K, committed 3840K, reserved 1048576K
}
Event: 5.109 GC heap before
{Heap before GC invocations=5 (full 2):
 PSYoungGen      total 92672K, used 12779K [0x0000000758d00000, 0x0000000763880000, 0x00000007c0000000)
  eden space 79872K, 0% used [0x0000000758d00000,0x0000000758d00000,0x000000075db00000)
  from space 12800K, 99% used [0x000000075db00000,0x000000075e77ac40,0x000000075e780000)
  to   space 12800K, 0% used [0x0000000762c00000,0x0000000762c00000,0x0000000763880000)
 ParOldGen       total 118784K, used 26645K [0x000000068a600000, 0x0000000691a00000, 0x0000000758d00000)
  object space 118784K, 22% used [0x000000068a600000,0x000000068c005590,0x0000000691a00000)
 Metaspace       used 26433K, capacity 27678K, committed 27904K, reserved 1073152K
  class space    used 3460K, capacity 3758K, committed 3840K, reserved 1048576K
Event: 5.215 GC heap after
Heap after GC invocations=5 (full 2):
 PSYoungGen      total 92672K, used 0K [0x0000000758d00000, 0x0000000763880000, 0x00000007c0000000)
  eden space 79872K, 0% used [0x0000000758d00000,0x0000000758d00000,0x000000075db00000)
  from space 12800K, 0% used [0x000000075db00000,0x000000075db00000,0x000000075e780000)
  to   space 12800K, 0% used [0x0000000762c00000,0x0000000762c00000,0x0000000763880000)
 ParOldGen       total 118784K, used 37991K [0x000000068a600000, 0x0000000691a00000, 0x0000000758d00000)
  object space 118784K, 31% used [0x000000068a600000,0x000000068cb19cc8,0x0000000691a00000)
 Metaspace       used 26433K, capacity 27678K, committed 27904K, reserved 1073152K
  class space    used 3460K, capacity 3758K, committed 3840K, reserved 1048576K
}
Event: 7.217 GC heap before
{Heap before GC invocations=6 (full 2):
 PSYoungGen      total 92672K, used 36997K [0x0000000758d00000, 0x0000000763880000, 0x00000007c0000000)
  eden space 79872K, 46% used [0x0000000758d00000,0x000000075b1215b8,0x000000075db00000)
  from space 12800K, 0% used [0x000000075db00000,0x000000075db00000,0x000000075e780000)
  to   space 12800K, 0% used [0x0000000762c00000,0x0000000762c00000,0x0000000763880000)
 ParOldGen       total 118784K, used 37991K [0x000000068a600000, 0x0000000691a00000, 0x0000000758d00000)
  object space 118784K, 31% used [0x000000068a600000,0x000000068cb19cc8,0x0000000691a00000)
 Metaspace       used 27067K, capacity 28316K, committed 28416K, reserved 1073152K
  class space    used 3488K, capacity 3771K, committed 3840K, reserved 1048576K
Event: 7.221 GC heap after
Heap after GC invocations=6 (full 2):
 PSYoungGen      total 162816K, used 2544K [0x0000000758d00000, 0x0000000763880000, 0x00000007c0000000)
  eden space 150016K, 0% used [0x0000000758d00000,0x0000000758d00000,0x0000000761f80000)
  from space 12800K, 19% used [0x0000000762c00000,0x0000000762e7c370,0x0000000763880000)
  to   space 12800K, 0% used [0x0000000761f80000,0x0000000761f80000,0x0000000762c00000)
 ParOldGen       total 118784K, used 37999K [0x000000068a600000, 0x0000000691a00000, 0x0000000758d00000)
  object space 118784K, 31% used [0x000000068a600000,0x000000068cb1bcc8,0x0000000691a00000)
 Metaspace       used 27067K, capacity 28316K, committed 28416K, reserved 1073152K
  class space    used 3488K, capacity 3771K, committed 3840K, reserved 1048576K
}
Event: 7.221 GC heap before
{Heap before GC invocations=7 (full 3):
 PSYoungGen      total 162816K, used 2544K [0x0000000758d00000, 0x0000000763880000, 0x00000007c0000000)
  eden space 150016K, 0% used [0x0000000758d00000,0x0000000758d00000,0x0000000761f80000)
  from space 12800K, 19% used [0x0000000762c00000,0x0000000762e7c370,0x0000000763880000)
  to   space 12800K, 0% used [0x0000000761f80000,0x0000000761f80000,0x0000000762c00000)
 ParOldGen       total 118784K, used 37999K [0x000000068a600000, 0x0000000691a00000, 0x0000000758d00000)
  object space 118784K, 31% used [0x000000068a600000,0x000000068cb1bcc8,0x0000000691a00000)
 Metaspace       used 27067K, capacity 28316K, committed 28416K, reserved 1073152K
  class space    used 3488K, capacity 3771K, committed 3840K, reserved 1048576K
Event: 7.328 GC heap after
Heap after GC invocations=7 (full 3):
 PSYoungGen      total 162816K, used 0K [0x0000000758d00000, 0x0000000763880000, 0x00000007c0000000)
  eden space 150016K, 0% used [0x0000000758d00000,0x0000000758d00000,0x0000000761f80000)
  from space 12800K, 0% used [0x0000000762c00000,0x0000000762c00000,0x0000000763880000)
  to   space 12800K, 0% used [0x0000000761f80000,0x0000000761f80000,0x0000000762c00000)
 ParOldGen       total 118784K, used 37688K [0x000000068a600000, 0x0000000691a00000, 0x0000000758d00000)
  object space 118784K, 31% used [0x000000068a600000,0x000000068cace398,0x0000000691a00000)
 Metaspace       used 27067K, capacity 28316K, committed 28416K, reserved 1073152K
  class space    used 3488K, capacity 3771K, committed 3840K, reserved 1048576K
}

